C51 COMPILER V9.01   ITUNER                                                                12/06/2016 15:25:40 PAGE 1   


C51 COMPILER V9.01, COMPILATION OF MODULE ITUNER
OBJECT MODULE PLACED IN ITuner.OBJ
COMPILER INVOKED BY: C:\Applications\Keil\C51\BIN\C51.EXE ITuner.c LARGE OPTIMIZE(0,SPEED) BROWSE DEBUG OBJECTEXTEND

line level    source

   1          /*
   2           *           Copyright 2007-2009 Availink, Inc.
   3           *
   4           *  This software contains Availink proprietary information and
   5           *  its use and disclosure are restricted solely to the terms in
   6           *  the corresponding written license agreement. It shall not be 
   7           *  disclosed to anyone other than valid licensees without
   8           *  written permission of Availink, Inc.
   9           *
  10           */
  11          
  12          
  13          
  14          //$Revision: 258 $ 
  15          //$Date: 2008-02-06 14:05:26 -0500 (Wed, 06 Feb 2008) $
  16          // 
  17          #include "avl2108.h"
  18          #include "ITuner.h"
  19          #include "II2C.h"
  20          //根据符号率算出LPF
  21          A2108_ErrorCode A2108_ITuner_CalculateLPF(AVL_uint16 uiSymbolRate_10kHz, struct AVL_Tuner * pTuner)
  22          {
  23   1              AVL_uint32 lpf = uiSymbolRate_10kHz;
  24   1              lpf *= 81;
  25   1              lpf /= 1000;
  26   1              lpf += 50;
  27   1              pTuner->m_uiLPF_100kHz = (AVL_uint16)lpf;
  28   1              return(A2108_EC_OK);
  29   1      }
  30                   
  31          
  32                   //     下载控制代码到2108
  33          /*A2108_ErrorCode A2108_ITuner_LoadControlData(AVL_puchar pTunerControlData, const struct AVL_Tuner * pTun
             -er)
  34          {
  35                  AVL_uint32 uiSize, uiDataSize;
  36                  AVL_uint32 i1;
  37                  A2108_ErrorCode r = A2108_EC_OK;
  38          
  39                  if(0 != pTunerControlData)
  40                  {
  41                          //load data into the chip
  42                          uiDataSize = DeChunk32(pTunerControlData);
  43                          i1 = 4;
  44                          while( i1 < uiDataSize )
  45                          {
  46                                  uiSize = DeChunk32(pTunerControlData+i1);
  47                                  i1 += 4;
  48                                  r |= A2108_II2C_Write((AVL_uint16)(pTuner->m_pAVLChip->m_SlaveAddr), pTunerControlData+i1+1, (AVL_uint1
             -6)(uiSize+3));
  49                                  i1 += 4 + uiSize;
  50                          }
  51                  }
  52                  return(r);
  53          }
C51 COMPILER V9.01   ITUNER                                                                12/06/2016 15:25:40 PAGE 2   

  54                  */


MODULE INFORMATION:   STATIC OVERLAYABLE
   CODE SIZE        =    174    ----
   CONSTANT SIZE    =   ----    ----
   XDATA SIZE       =      9    ----
   PDATA SIZE       =   ----    ----
   DATA SIZE        =   ----    ----
   IDATA SIZE       =   ----    ----
   BIT SIZE         =   ----    ----
END OF MODULE INFORMATION.


C51 COMPILATION COMPLETE.  0 WARNING(S),  0 ERROR(S)
